Arguments: 
  /usr/local/bin/node /usr/local/bin/yarn init

PATH: 
  /home/antipiebse/.vscode-server/bin/c722ca6c7eed3d7987c0d5c3df5c45f6b15e77d1/bin/remote-cli:/usr/local/sbin:/usr/local/bin:/usr/sbin:/usr/bin:/sbin:/bin:/usr/games:/usr/local/games:/usr/lib/wsl/lib:/mnt/c/Python310/Scripts/:/mnt/c/Python310/:/mnt/c/Users/s4223/AppData/Local/Programs/Python/Python39/Scripts:/mnt/c/Windows/system32:/mnt/c/Windows:/mnt/c/Windows/System32/Wbem:/mnt/c/Windows/System32/WindowsPowerShell/v1.0/:/mnt/c/Windows/System32/OpenSSH/:/mnt/c/Program Files (x86)/NVIDIA Corporation/PhysX/Common:/mnt/c/Program Files/NVIDIA Corporation/NVIDIA NvDLISR:/mnt/c/Program Files/Git/cmd:/mnt/c/Program Files/PuTTY/:/mnt/c/Program Files/nodejs/:/mnt/c/ProgramData/chocolatey/bin:/mnt/c/Users/s4223/.pyenv/pyenv-win/bin:/mnt/c/Users/s4223/.pyenv/pyenv-win/shims:/mnt/c/Users/s4223/.pyenv/pyenv-win/bin:/mnt/c/Users/s4223/.pyenv/pyenv-win/shims:/mnt/c/Users/s4223/.pyenv/pyenv-win/bin:/mnt/c/Users/s4223/.pyenv/pyenv-win/shims:/mnt/c/Windows/System32:/mnt/c/Users/s4223/AppData/Local/Programs/Microsoft VS Code/bin:/mnt/c/Users/s4223/AppData/Local/GitHubDesktop/bin:/mnt/c/Users/s4223/AppData/Roaming/npm:/snap/bin

Yarn version: 
  1.22.17

Node version: 
  16.14.0

Platform: 
  linux x64

Trace: 
  Error: canceled
      at Interface.<anonymous> (/usr/local/lib/node_modules/yarn/lib/cli.js:137143:13)
      at Interface.emit (node:events:520:28)
      at Interface._ttyWrite (node:readline:1081:16)
      at ReadStream.onkeypress (node:readline:288:10)
      at ReadStream.emit (node:events:520:28)
      at emitKeys (node:internal/readline/utils:358:14)
      at emitKeys.next (<anonymous>)
      at ReadStream.onData (node:internal/readline/emitKeypressEvents:61:36)
      at ReadStream.emit (node:events:520:28)
      at addChunk (node:internal/streams/readable:315:12)

npm manifest: 
  {
    "name": "day01",
    "version": "1.0.0",
    "main": "index.js",
    "license": "MIT"
  }

yarn manifest: 
  No manifest

Lockfile: 
  No lockfile
